<?xml version="1.0" encoding="UTF-8"?>
<!-- Generated by org.testng.reporters.JUnitXMLReporter -->
<testsuite hostname="Java-boy" ignored="0" name="Test" tests="6" failures="0" timestamp="29 Jul 2019 00:33:06 GMT" time="0.067" errors="0">
  <testcase name="deleteTwitter" time="0.016" classname="qaclickacademy.REST_API_Test"/>
  <testcase name="postJira" time="0.0" classname="qaclickacademy.REST_API_Test"/>
  <testcase name="iOSApps" time="0.0" classname="qaclickacademy.AppiumTest"/>
  <testcase name="nativaAppAndroid" time="0.0" classname="qaclickacademy.AppiumTest"/>
  <testcase name="browserAutomation" time="0.0" classname="qaclickacademy.SeleniumTest"/>
  <testcase name="elementsUI" time="0.001" classname="qaclickacademy.SeleniumTest"/>
</testsuite> <!-- Test -->
