<?xml version="1.0" encoding="UTF-8"?>
<testng-results skipped="0" failed="0" ignored="0" total="6" passed="6">
  <reporter-output>
  </reporter-output>
  <suite name="Suite" duration-ms="67" started-at="2019-07-29T00:33:06Z" finished-at="2019-07-29T00:33:06Z">
    <groups>
    </groups>
    <test name="Test" duration-ms="67" started-at="2019-07-29T00:33:06Z" finished-at="2019-07-29T00:33:06Z">
      <class name="qaclickacademy.AppiumTest">
        <test-method status="PASS" signature="iOSApps()[pri:0, instance:qaclickacademy.AppiumTest@5cc7c2a6]" name="iOSApps" duration-ms="0" started-at="2019-07-29T00:33:06Z" finished-at="2019-07-29T00:33:06Z">
          <reporter-output>
          </reporter-output>
        </test-method> <!-- iOSApps -->
        <test-method status="PASS" signature="nativaAppAndroid()[pri:0, instance:qaclickacademy.AppiumTest@5cc7c2a6]" name="nativaAppAndroid" duration-ms="0" started-at="2019-07-29T00:33:06Z" finished-at="2019-07-29T00:33:06Z">
          <reporter-output>
          </reporter-output>
        </test-method> <!-- nativaAppAndroid -->
      </class> <!-- qaclickacademy.AppiumTest -->
      <class name="qaclickacademy.SeleniumTest">
        <test-method status="PASS" signature="browserAutomation()[pri:0, instance:qaclickacademy.SeleniumTest@b97c004]" name="browserAutomation" duration-ms="0" started-at="2019-07-29T00:33:06Z" finished-at="2019-07-29T00:33:06Z">
          <reporter-output>
          </reporter-output>
        </test-method> <!-- browserAutomation -->
        <test-method status="PASS" signature="elementsUI()[pri:0, instance:qaclickacademy.SeleniumTest@b97c004]" name="elementsUI" duration-ms="1" started-at="2019-07-29T00:33:06Z" finished-at="2019-07-29T00:33:06Z">
          <reporter-output>
          </reporter-output>
        </test-method> <!-- elementsUI -->
      </class> <!-- qaclickacademy.SeleniumTest -->
      <class name="qaclickacademy.REST_API_Test">
        <test-method status="PASS" signature="deleteTwitter()[pri:0, instance:qaclickacademy.REST_API_Test@3c09711b]" name="deleteTwitter" duration-ms="16" started-at="2019-07-29T00:33:06Z" finished-at="2019-07-29T00:33:06Z">
          <reporter-output>
          </reporter-output>
        </test-method> <!-- deleteTwitter -->
        <test-method status="PASS" signature="postJira()[pri:0, instance:qaclickacademy.REST_API_Test@3c09711b]" name="postJira" duration-ms="0" started-at="2019-07-29T00:33:06Z" finished-at="2019-07-29T00:33:06Z">
          <reporter-output>
          </reporter-output>
        </test-method> <!-- postJira -->
      </class> <!-- qaclickacademy.REST_API_Test -->
    </test> <!-- Test -->
  </suite> <!-- Suite -->
</testng-results>
